<?xml version="1.0" encoding="UTF-8"?>
<!-- Generated by org.testng.reporters.JUnitReportReporter -->
<testsuite hostname="DESKTOP-D3AR52B" name="JenkinsExecutionTest" tests="1" failures="0" timestamp="24 Feb 2020 05:18:55 GMT" time="41.437" errors="0">
  <testcase name="Demo" time="41.437" classname="JenkinsExecutionTest"/>
</testsuite> <!-- JenkinsExecutionTest -->
