<?xml version="1.0" encoding="UTF-8"?>
<!-- Generated by org.testng.reporters.JUnitReportReporter -->
<testsuite hostname="DESKTOP-D3AR52B" name="JenkinsExecutionTest" tests="1" failures="0" timestamp="24 Feb 2020 06:17:43 GMT" time="32.821" errors="0">
  <testcase name="DemoTest" time="32.821" classname="JenkinsExecutionTest"/>
</testsuite> <!-- JenkinsExecutionTest -->
